build/outputs/logs/manifest-merger-debug-report.txt
-- Merging decision tree log ---
manifest
ADDED from Android-Switch-Demo-pre-4.0-master\android-switch-demo\AndroidManifest.xml:2:1-21:12
	package
		ADDED from Android-Switch-Demo-pre-4.0-master\android-switch-demo\AndroidManifest.xml:3:5-36
	android:versionName
		ADDED from Android-Switch-Demo-pre-4.0-master\android-switch-demo\AndroidManifest.xml:5:5-30
	android:versionCode
		ADDED from Android-Switch-Demo-pre-4.0-master\android-switch-demo\AndroidManifest.xml:4:5-28
		INJECTED from Android-Switch-Demo-pre-4.0-master\android-switch-demo\AndroidManifest.xml
		INJECTED from Android-Switch-Demo-pre-4.0-master\android-switch-demo\AndroidManifest.xml
	xmlns:android
		ADDED from Android-Switch-Demo-pre-4.0-master\android-switch-demo\AndroidManifest.xml:2:11-69
uses-sdk
ADDED from Android-Switch-Demo-pre-4.0-master\android-switch-demo\AndroidManifest.xml:7:5-43
	android:minSdkVersion
		ADDED from Android-Switch-Demo-pre-4.0-master\android-switch-demo\AndroidManifest.xml:7:15-40
application
ADDED from Android-Switch-Demo-pre-4.0-master\android-switch-demo\AndroidManifest.xml:9:5-20:19
	android:label
		ADDED from Android-Switch-Demo-pre-4.0-master\android-switch-demo\AndroidManifest.xml:11:9-41
	android:icon
		ADDED from Android-Switch-Demo-pre-4.0-master\android-switch-demo\AndroidManifest.xml:10:9-45
activity#com.appscumen.example.AndroidSwitchDemoActivity
ADDED from Android-Switch-Demo-pre-4.0-master\android-switch-demo\AndroidManifest.xml:12:9-19:20
	android:label
		ADDED from Android-Switch-Demo-pre-4.0-master\android-switch-demo\AndroidManifest.xml:14:13-45
	android:name
		ADDED from Android-Switch-Demo-pre-4.0-master\android-switch-demo\AndroidManifest.xml:13:13-54
intent-filter#android.intent.action.MAIN+android.intent.category.LAUNCHER
ADDED from Android-Switch-Demo-pre-4.0-master\android-switch-demo\AndroidManifest.xml:15:13-18:29
action#android.intent.action.MAIN
ADDED from Android-Switch-Demo-pre-4.0-master\android-switch-demo\AndroidManifest.xml:16:17-69
	android:name
		ADDED from Android-Switch-Demo-pre-4.0-master\android-switch-demo\AndroidManifest.xml:16:25-66
category#android.intent.category.LAUNCHER
ADDED from Android-Switch-Demo-pre-4.0-master\android-switch-demo\AndroidManifest.xml:17:17-77
	android:name
		ADDED from Android-Switch-Demo-pre-4.0-master\android-switch-demo\AndroidManifest.xml:17:27-74